Warning[207] C:\USERS\ADMINISTRATOR\ONEDRIVE\DOCUMENTS\ORIGINAL\FIRST.ASM 144 : Found label after column 1. (tenthous1)
Warning[207] C:\USERS\ADMINISTRATOR\ONEDRIVE\DOCUMENTS\ORIGINAL\FIRST.ASM 151 : Found label after column 1. (RBO_INTR)
Warning[207] C:\USERS\ADMINISTRATOR\ONEDRIVE\DOCUMENTS\ORIGINAL\FIRST.ASM 159 : Found label after column 1. (zero_tenthous)
Warning[207] C:\USERS\ADMINISTRATOR\ONEDRIVE\DOCUMENTS\ORIGINAL\FIRST.ASM 162 : Found label after column 1. (TM0_INT)
Warning[207] C:\USERS\ADMINISTRATOR\ONEDRIVE\DOCUMENTS\ORIGINAL\FIRST.ASM 169 : Found label after column 1. (dis_TM0)
Warning[207] C:\USERS\ADMINISTRATOR\ONEDRIVE\DOCUMENTS\ORIGINAL\FIRST.ASM 180 : Found label after column 1. (dis_RB0)
Warning[207] C:\USERS\ADMINISTRATOR\ONEDRIVE\DOCUMENTS\ORIGINAL\FIRST.ASM 188 : Found label after column 1. (thous1)
Warning[207] C:\USERS\ADMINISTRATOR\ONEDRIVE\DOCUMENTS\ORIGINAL\FIRST.ASM 194 : Found label after column 1. (RBO_INTR1)
Warning[207] C:\USERS\ADMINISTRATOR\ONEDRIVE\DOCUMENTS\ORIGINAL\FIRST.ASM 206 : Found label after column 1. (rolling_thous_5_0)
Warning[207] C:\USERS\ADMINISTRATOR\ONEDRIVE\DOCUMENTS\ORIGINAL\FIRST.ASM 212 : Found label after column 1. (zero_thous)
Warning[207] C:\USERS\ADMINISTRATOR\ONEDRIVE\DOCUMENTS\ORIGINAL\FIRST.ASM 215 : Found label after column 1. (TM0_INT1)
Warning[207] C:\USERS\ADMINISTRATOR\ONEDRIVE\DOCUMENTS\ORIGINAL\FIRST.ASM 222 : Found label after column 1. (dis_TM01)
Warning[207] C:\USERS\ADMINISTRATOR\ONEDRIVE\DOCUMENTS\ORIGINAL\FIRST.ASM 232 : Found label after column 1. (dis_RB01)
Warning[207] C:\USERS\ADMINISTRATOR\ONEDRIVE\DOCUMENTS\ORIGINAL\FIRST.ASM 240 : Found label after column 1. (huns1)
Warning[207] C:\USERS\ADMINISTRATOR\ONEDRIVE\DOCUMENTS\ORIGINAL\FIRST.ASM 246 : Found label after column 1. (RBO_INTR2)
Warning[207] C:\USERS\ADMINISTRATOR\ONEDRIVE\DOCUMENTS\ORIGINAL\FIRST.ASM 253 : Found label after column 1. (normal)
Warning[207] C:\USERS\ADMINISTRATOR\ONEDRIVE\DOCUMENTS\ORIGINAL\FIRST.ASM 259 : Found label after column 1. (chk_thous)
Warning[207] C:\USERS\ADMINISTRATOR\ONEDRIVE\DOCUMENTS\ORIGINAL\FIRST.ASM 265 : Found label after column 1. (rolling_huns_5_0)
Warning[207] C:\USERS\ADMINISTRATOR\ONEDRIVE\DOCUMENTS\ORIGINAL\FIRST.ASM 271 : Found label after column 1. (zero_huns)
Warning[207] C:\USERS\ADMINISTRATOR\ONEDRIVE\DOCUMENTS\ORIGINAL\FIRST.ASM 274 : Found label after column 1. (TM0_INT2)
Warning[207] C:\USERS\ADMINISTRATOR\ONEDRIVE\DOCUMENTS\ORIGINAL\FIRST.ASM 281 : Found label after column 1. (dis_TM02)
Warning[207] C:\USERS\ADMINISTRATOR\ONEDRIVE\DOCUMENTS\ORIGINAL\FIRST.ASM 291 : Found label after column 1. (dis_RB02)
Warning[207] C:\USERS\ADMINISTRATOR\ONEDRIVE\DOCUMENTS\ORIGINAL\FIRST.ASM 301 : Found label after column 1. (tens1)
Warning[207] C:\USERS\ADMINISTRATOR\ONEDRIVE\DOCUMENTS\ORIGINAL\FIRST.ASM 307 : Found label after column 1. (RBO_INTR3)
Warning[207] C:\USERS\ADMINISTRATOR\ONEDRIVE\DOCUMENTS\ORIGINAL\FIRST.ASM 314 : Found label after column 1. (normal_tens)
Warning[207] C:\USERS\ADMINISTRATOR\ONEDRIVE\DOCUMENTS\ORIGINAL\FIRST.ASM 320 : Found label after column 1. (chk_thous2)
Warning[207] C:\USERS\ADMINISTRATOR\ONEDRIVE\DOCUMENTS\ORIGINAL\FIRST.ASM 326 : Found label after column 1. (chk_huns)
Warning[207] C:\USERS\ADMINISTRATOR\ONEDRIVE\DOCUMENTS\ORIGINAL\FIRST.ASM 332 : Found label after column 1. (rolling_tens_3_0)
Warning[207] C:\USERS\ADMINISTRATOR\ONEDRIVE\DOCUMENTS\ORIGINAL\FIRST.ASM 338 : Found label after column 1. (zero_tens)
Warning[207] C:\USERS\ADMINISTRATOR\ONEDRIVE\DOCUMENTS\ORIGINAL\FIRST.ASM 341 : Found label after column 1. (TM0_INT3)
Warning[207] C:\USERS\ADMINISTRATOR\ONEDRIVE\DOCUMENTS\ORIGINAL\FIRST.ASM 348 : Found label after column 1. (dis_TM03)
Warning[207] C:\USERS\ADMINISTRATOR\ONEDRIVE\DOCUMENTS\ORIGINAL\FIRST.ASM 358 : Found label after column 1. (dis_RB03)
Warning[207] C:\USERS\ADMINISTRATOR\ONEDRIVE\DOCUMENTS\ORIGINAL\FIRST.ASM 366 : Found label after column 1. (ones1)
Warning[207] C:\USERS\ADMINISTRATOR\ONEDRIVE\DOCUMENTS\ORIGINAL\FIRST.ASM 372 : Found label after column 1. (RBO_INTR4)
Warning[207] C:\USERS\ADMINISTRATOR\ONEDRIVE\DOCUMENTS\ORIGINAL\FIRST.ASM 379 : Found label after column 1. (normal_ones)
Warning[207] C:\USERS\ADMINISTRATOR\ONEDRIVE\DOCUMENTS\ORIGINAL\FIRST.ASM 385 : Found label after column 1. (chk_thous4)
Warning[207] C:\USERS\ADMINISTRATOR\ONEDRIVE\DOCUMENTS\ORIGINAL\FIRST.ASM 391 : Found label after column 1. (chk_huns4)
Warning[207] C:\USERS\ADMINISTRATOR\ONEDRIVE\DOCUMENTS\ORIGINAL\FIRST.ASM 397 : Found label after column 1. (chk_tens)
Warning[207] C:\USERS\ADMINISTRATOR\ONEDRIVE\DOCUMENTS\ORIGINAL\FIRST.ASM 403 : Found label after column 1. (rolling_ones_5_0)
Warning[207] C:\USERS\ADMINISTRATOR\ONEDRIVE\DOCUMENTS\ORIGINAL\FIRST.ASM 409 : Found label after column 1. (zero_ones)
Warning[207] C:\USERS\ADMINISTRATOR\ONEDRIVE\DOCUMENTS\ORIGINAL\FIRST.ASM 412 : Found label after column 1. (TM0_INT4)
Warning[207] C:\USERS\ADMINISTRATOR\ONEDRIVE\DOCUMENTS\ORIGINAL\FIRST.ASM 419 : Found label after column 1. (dis_TM04)
Warning[207] C:\USERS\ADMINISTRATOR\ONEDRIVE\DOCUMENTS\ORIGINAL\FIRST.ASM 425 : Found label after column 1. (dis_RB04)
Warning[207] C:\USERS\ADMINISTRATOR\ONEDRIVE\DOCUMENTS\ORIGINAL\FIRST.ASM 433 : Found label after column 1. (operation)
Warning[207] C:\USERS\ADMINISTRATOR\ONEDRIVE\DOCUMENTS\ORIGINAL\FIRST.ASM 439 : Found label after column 1. (RB0_INTOP)
Message[305] C:\USERS\ADMINISTRATOR\ONEDRIVE\DOCUMENTS\ORIGINAL\FIRST.ASM 441 : Using default destination of 1 (file).
Warning[207] C:\USERS\ADMINISTRATOR\ONEDRIVE\DOCUMENTS\ORIGINAL\FIRST.ASM 446 : Found label after column 1. (zero_op)
Warning[207] C:\USERS\ADMINISTRATOR\ONEDRIVE\DOCUMENTS\ORIGINAL\FIRST.ASM 448 : Found label after column 1. (dis_RB0OP)
Warning[207] C:\USERS\ADMINISTRATOR\ONEDRIVE\DOCUMENTS\ORIGINAL\FIRST.ASM 461 : Found label after column 1. (add_op)
Warning[207] C:\USERS\ADMINISTRATOR\ONEDRIVE\DOCUMENTS\ORIGINAL\FIRST.ASM 465 : Found label after column 1. (div_op)
Warning[207] C:\USERS\ADMINISTRATOR\ONEDRIVE\DOCUMENTS\ORIGINAL\FIRST.ASM 469 : Found label after column 1. (mod_op)
Warning[207] C:\USERS\ADMINISTRATOR\ONEDRIVE\DOCUMENTS\ORIGINAL\FIRST.ASM 473 : Found label after column 1. (TM0_INTOP)
Warning[207] C:\USERS\ADMINISTRATOR\ONEDRIVE\DOCUMENTS\ORIGINAL\FIRST.ASM 480 : Found label after column 1. (dis_OP)
Warning[207] C:\USERS\ADMINISTRATOR\ONEDRIVE\DOCUMENTS\ORIGINAL\FIRST.ASM 488 : Found label after column 1. (tenthous2)
Warning[207] C:\USERS\ADMINISTRATOR\ONEDRIVE\DOCUMENTS\ORIGINAL\FIRST.ASM 495 : Found label after column 1. (RBO_INTR7)
Warning[207] C:\USERS\ADMINISTRATOR\ONEDRIVE\DOCUMENTS\ORIGINAL\FIRST.ASM 503 : Found label after column 1. (zero_tenthous2)
Warning[207] C:\USERS\ADMINISTRATOR\ONEDRIVE\DOCUMENTS\ORIGINAL\FIRST.ASM 506 : Found label after column 1. (TM0_INT7)
Warning[207] C:\USERS\ADMINISTRATOR\ONEDRIVE\DOCUMENTS\ORIGINAL\FIRST.ASM 513 : Found label after column 1. (dis_TM07)
Warning[207] C:\USERS\ADMINISTRATOR\ONEDRIVE\DOCUMENTS\ORIGINAL\FIRST.ASM 524 : Found label after column 1. (dis_RB07)
Warning[207] C:\USERS\ADMINISTRATOR\ONEDRIVE\DOCUMENTS\ORIGINAL\FIRST.ASM 532 : Found label after column 1. (thous2)
Warning[207] C:\USERS\ADMINISTRATOR\ONEDRIVE\DOCUMENTS\ORIGINAL\FIRST.ASM 538 : Found label after column 1. (RBO_INTR8)
Warning[207] C:\USERS\ADMINISTRATOR\ONEDRIVE\DOCUMENTS\ORIGINAL\FIRST.ASM 550 : Found label after column 1. (rolling_thous2_5_0)
Warning[207] C:\USERS\ADMINISTRATOR\ONEDRIVE\DOCUMENTS\ORIGINAL\FIRST.ASM 556 : Found label after column 1. (zero_thous2)
Warning[207] C:\USERS\ADMINISTRATOR\ONEDRIVE\DOCUMENTS\ORIGINAL\FIRST.ASM 559 : Found label after column 1. (TM0_INT8)
Warning[207] C:\USERS\ADMINISTRATOR\ONEDRIVE\DOCUMENTS\ORIGINAL\FIRST.ASM 566 : Found label after column 1. (dis_TM08)
Warning[207] C:\USERS\ADMINISTRATOR\ONEDRIVE\DOCUMENTS\ORIGINAL\FIRST.ASM 576 : Found label after column 1. (dis_RB08)
Warning[207] C:\USERS\ADMINISTRATOR\ONEDRIVE\DOCUMENTS\ORIGINAL\FIRST.ASM 584 : Found label after column 1. (huns2)
Warning[207] C:\USERS\ADMINISTRATOR\ONEDRIVE\DOCUMENTS\ORIGINAL\FIRST.ASM 590 : Found label after column 1. (RBO_INTR_huns2)
Warning[207] C:\USERS\ADMINISTRATOR\ONEDRIVE\DOCUMENTS\ORIGINAL\FIRST.ASM 597 : Found label after column 1. (normal_huns2)
Warning[207] C:\USERS\ADMINISTRATOR\ONEDRIVE\DOCUMENTS\ORIGINAL\FIRST.ASM 603 : Found label after column 1. (chk_thous_huns2)
Warning[207] C:\USERS\ADMINISTRATOR\ONEDRIVE\DOCUMENTS\ORIGINAL\FIRST.ASM 609 : Found label after column 1. (rolling_huns2_5_0)
Warning[207] C:\USERS\ADMINISTRATOR\ONEDRIVE\DOCUMENTS\ORIGINAL\FIRST.ASM 615 : Found label after column 1. (zero_huns2)
Warning[207] C:\USERS\ADMINISTRATOR\ONEDRIVE\DOCUMENTS\ORIGINAL\FIRST.ASM 618 : Found label after column 1. (TM0_INT_huns2)
Warning[207] C:\USERS\ADMINISTRATOR\ONEDRIVE\DOCUMENTS\ORIGINAL\FIRST.ASM 625 : Found label after column 1. (dis_TM0_huns2)
Warning[207] C:\USERS\ADMINISTRATOR\ONEDRIVE\DOCUMENTS\ORIGINAL\FIRST.ASM 635 : Found label after column 1. (dis_RB0_huns2)
Warning[207] C:\USERS\ADMINISTRATOR\ONEDRIVE\DOCUMENTS\ORIGINAL\FIRST.ASM 644 : Found label after column 1. (tens2)
Warning[207] C:\USERS\ADMINISTRATOR\ONEDRIVE\DOCUMENTS\ORIGINAL\FIRST.ASM 650 : Found label after column 1. (RBO_INTR24)
Warning[207] C:\USERS\ADMINISTRATOR\ONEDRIVE\DOCUMENTS\ORIGINAL\FIRST.ASM 657 : Found label after column 1. (normal_tens24)
Warning[207] C:\USERS\ADMINISTRATOR\ONEDRIVE\DOCUMENTS\ORIGINAL\FIRST.ASM 663 : Found label after column 1. (chk_thous24)
Warning[207] C:\USERS\ADMINISTRATOR\ONEDRIVE\DOCUMENTS\ORIGINAL\FIRST.ASM 669 : Found label after column 1. (chk_huns24)
Warning[207] C:\USERS\ADMINISTRATOR\ONEDRIVE\DOCUMENTS\ORIGINAL\FIRST.ASM 675 : Found label after column 1. (rolling_tens2_3_0)
Warning[207] C:\USERS\ADMINISTRATOR\ONEDRIVE\DOCUMENTS\ORIGINAL\FIRST.ASM 681 : Found label after column 1. (zero_tens24)
Warning[207] C:\USERS\ADMINISTRATOR\ONEDRIVE\DOCUMENTS\ORIGINAL\FIRST.ASM 684 : Found label after column 1. (TM0_INT24)
Warning[207] C:\USERS\ADMINISTRATOR\ONEDRIVE\DOCUMENTS\ORIGINAL\FIRST.ASM 691 : Found label after column 1. (dis_TM024)
Warning[207] C:\USERS\ADMINISTRATOR\ONEDRIVE\DOCUMENTS\ORIGINAL\FIRST.ASM 701 : Found label after column 1. (dis_RB024)
Warning[207] C:\USERS\ADMINISTRATOR\ONEDRIVE\DOCUMENTS\ORIGINAL\FIRST.ASM 709 : Found label after column 1. (ones2)
Warning[207] C:\USERS\ADMINISTRATOR\ONEDRIVE\DOCUMENTS\ORIGINAL\FIRST.ASM 715 : Found label after column 1. (RBO_INTR25)
Warning[207] C:\USERS\ADMINISTRATOR\ONEDRIVE\DOCUMENTS\ORIGINAL\FIRST.ASM 722 : Found label after column 1. (normal_ones25)
Warning[207] C:\USERS\ADMINISTRATOR\ONEDRIVE\DOCUMENTS\ORIGINAL\FIRST.ASM 728 : Found label after column 1. (chk_thous25)
Warning[207] C:\USERS\ADMINISTRATOR\ONEDRIVE\DOCUMENTS\ORIGINAL\FIRST.ASM 734 : Found label after column 1. (chk_huns25)
Warning[207] C:\USERS\ADMINISTRATOR\ONEDRIVE\DOCUMENTS\ORIGINAL\FIRST.ASM 740 : Found label after column 1. (chk_tens25)
Warning[207] C:\USERS\ADMINISTRATOR\ONEDRIVE\DOCUMENTS\ORIGINAL\FIRST.ASM 746 : Found label after column 1. (rolling_ones2_5_0)
Warning[207] C:\USERS\ADMINISTRATOR\ONEDRIVE\DOCUMENTS\ORIGINAL\FIRST.ASM 752 : Found label after column 1. (zero_ones25)
Warning[207] C:\USERS\ADMINISTRATOR\ONEDRIVE\DOCUMENTS\ORIGINAL\FIRST.ASM 755 : Found label after column 1. (TM0_INT25)
Warning[207] C:\USERS\ADMINISTRATOR\ONEDRIVE\DOCUMENTS\ORIGINAL\FIRST.ASM 762 : Found label after column 1. (dis_TM025)
Warning[207] C:\USERS\ADMINISTRATOR\ONEDRIVE\DOCUMENTS\ORIGINAL\FIRST.ASM 768 : Found label after column 1. (dis_RB025)
Warning[207] C:\USERS\ADMINISTRATOR\ONEDRIVE\DOCUMENTS\ORIGINAL\FIRST.ASM 774 : Found label after column 1. (keepfun)
Warning[207] C:\USERS\ADMINISTRATOR\ONEDRIVE\DOCUMENTS\ORIGINAL\FIRST.ASM 779 : Found label after column 1. (here)
Warning[207] C:\USERS\ADMINISTRATOR\ONEDRIVE\DOCUMENTS\ORIGINAL\FIRST.ASM 786 : Found label after column 1. (TM0_INTRr)
Warning[207] C:\USERS\ADMINISTRATOR\ONEDRIVE\DOCUMENTS\ORIGINAL\FIRST.ASM 793 : Found label after column 1. (zero_clks)
Warning[207] C:\USERS\ADMINISTRATOR\ONEDRIVE\DOCUMENTS\ORIGINAL\FIRST.ASM 796 : Found label after column 1. (dis_TM0_k)
Warning[207] C:\USERS\ADMINISTRATOR\ONEDRIVE\DOCUMENTS\ORIGINAL\FIRST.ASM 811 : Found label after column 1. (displayNums)
Warning[207] C:\USERS\ADMINISTRATOR\ONEDRIVE\DOCUMENTS\ORIGINAL\FIRST.ASM 852 : Found label after column 1. (RB0_INTk)
Message[305] C:\USERS\ADMINISTRATOR\ONEDRIVE\DOCUMENTS\ORIGINAL\FIRST.ASM 854 : Using default destination of 1 (file).
Warning[207] C:\USERS\ADMINISTRATOR\ONEDRIVE\DOCUMENTS\ORIGINAL\FIRST.ASM 859 : Found label after column 1. (zero_opk)
Warning[207] C:\USERS\ADMINISTRATOR\ONEDRIVE\DOCUMENTS\ORIGINAL\FIRST.ASM 861 : Found label after column 1. (dis_RB0k)
Warning[207] C:\USERS\ADMINISTRATOR\ONEDRIVE\DOCUMENTS\ORIGINAL\FIRST.ASM 874 : Found label after column 1. (add_opk)
Warning[207] C:\USERS\ADMINISTRATOR\ONEDRIVE\DOCUMENTS\ORIGINAL\FIRST.ASM 878 : Found label after column 1. (div_opk)
Warning[207] C:\USERS\ADMINISTRATOR\ONEDRIVE\DOCUMENTS\ORIGINAL\FIRST.ASM 882 : Found label after column 1. (mod_opk)
Warning[207] C:\USERS\ADMINISTRATOR\ONEDRIVE\DOCUMENTS\ORIGINAL\FIRST.ASM 886 : Found label after column 1. (TM0_INTk)
Warning[207] C:\USERS\ADMINISTRATOR\ONEDRIVE\DOCUMENTS\ORIGINAL\FIRST.ASM 893 : Found label after column 1. (dis_OPk)
Warning[207] C:\USERS\ADMINISTRATOR\ONEDRIVE\DOCUMENTS\ORIGINAL\FIRST.ASM 902 : Found label after column 1. (cont)
Message[302] C:\USERS\ADMINISTRATOR\ONEDRIVE\DOCUMENTS\ORIGINAL\FIRST.ASM 944 : Register in operand not in bank 0.  Ensure that bank bits are correct.
Message[302] C:\USERS\ADMINISTRATOR\ONEDRIVE\DOCUMENTS\ORIGINAL\FIRST.ASM 947 : Register in operand not in bank 0.  Ensure that bank bits are correct.
Message[302] C:\USERS\ADMINISTRATOR\ONEDRIVE\DOCUMENTS\ORIGINAL\FIRST.ASM 948 : Register in operand not in bank 0.  Ensure that bank bits are correct.
Message[302] C:\USERS\ADMINISTRATOR\ONEDRIVE\DOCUMENTS\ORIGINAL\FIRST.ASM 967 : Register in operand not in bank 0.  Ensure that bank bits are correct.
Message[302] C:\USERS\ADMINISTRATOR\ONEDRIVE\DOCUMENTS\ORIGINAL\FIRST.ASM 970 : Register in operand not in bank 0.  Ensure that bank bits are correct.
Message[302] C:\USERS\ADMINISTRATOR\ONEDRIVE\DOCUMENTS\ORIGINAL\FIRST.ASM 1040 : Register in operand not in bank 0.  Ensure that bank bits are correct.
Message[302] C:\USERS\ADMINISTRATOR\ONEDRIVE\DOCUMENTS\ORIGINAL\FIRST.ASM 1043 : Register in operand not in bank 0.  Ensure that bank bits are correct.
Message[302] C:\USERS\ADMINISTRATOR\ONEDRIVE\DOCUMENTS\ORIGINAL\FIRST.ASM 1044 : Register in operand not in bank 0.  Ensure that bank bits are correct.
Message[302] C:\USERS\ADMINISTRATOR\ONEDRIVE\DOCUMENTS\ORIGINAL\FIRST.ASM 1063 : Register in operand not in bank 0.  Ensure that bank bits are correct.
Message[302] C:\USERS\ADMINISTRATOR\ONEDRIVE\DOCUMENTS\ORIGINAL\FIRST.ASM 1066 : Register in operand not in bank 0.  Ensure that bank bits are correct.
Warning[207] C:\USERS\ADMINISTRATOR\ONEDRIVE\DOCUMENTS\ORIGINAL\FIRST.ASM 1234 : Found label after column 1. (carry1)
Warning[207] C:\USERS\ADMINISTRATOR\ONEDRIVE\DOCUMENTS\ORIGINAL\FIRST.ASM 1241 : Found label after column 1. (carry2)
Warning[207] C:\USERS\ADMINISTRATOR\ONEDRIVE\DOCUMENTS\ORIGINAL\FIRST.ASM 1248 : Found label after column 1. (carry3)
Warning[207] C:\USERS\ADMINISTRATOR\ONEDRIVE\DOCUMENTS\ORIGINAL\FIRST.ASM 1255 : Found label after column 1. (carry4)
Warning[207] C:\USERS\ADMINISTRATOR\ONEDRIVE\DOCUMENTS\ORIGINAL\FIRST.ASM 1262 : Found label after column 1. (carry5)
Warning[207] C:\USERS\ADMINISTRATOR\ONEDRIVE\DOCUMENTS\ORIGINAL\FIRST.ASM 1266 : Found label after column 1. (no_carry1)
Warning[207] C:\USERS\ADMINISTRATOR\ONEDRIVE\DOCUMENTS\ORIGINAL\FIRST.ASM 1272 : Found label after column 1. (no_carry2)
Warning[207] C:\USERS\ADMINISTRATOR\ONEDRIVE\DOCUMENTS\ORIGINAL\FIRST.ASM 1278 : Found label after column 1. (no_carry3)
Warning[207] C:\USERS\ADMINISTRATOR\ONEDRIVE\DOCUMENTS\ORIGINAL\FIRST.ASM 1284 : Found label after column 1. (no_carry4)
Warning[207] C:\USERS\ADMINISTRATOR\ONEDRIVE\DOCUMENTS\ORIGINAL\FIRST.ASM 1290 : Found label after column 1. (dn)
Warning[202] C:\USERS\ADMINISTRATOR\ONEDRIVE\DOCUMENTS\ORIGINAL\FIRST.ASM 1428 : Argument out of range.  Least significant bits used.
Warning[207] C:\USERS\ADMINISTRATOR\ONEDRIVE\DOCUMENTS\ORIGINAL\FIRST.ASM 1431 : Found label after column 1. (loop3)
Warning[202] C:\USERS\ADMINISTRATOR\ONEDRIVE\DOCUMENTS\ORIGINAL\FIRST.ASM 1437 : Argument out of range.  Least significant bits used.
Warning[207] C:\USERS\ADMINISTRATOR\ONEDRIVE\DOCUMENTS\ORIGINAL\FIRST.ASM 1440 : Found label after column 1. (loop4)
Warning[207] C:\USERS\ADMINISTRATOR\ONEDRIVE\DOCUMENTS\ORIGINAL\FIRST.ASM 1449 : Found label after column 1. (loop5)
Warning[207] C:\USERS\ADMINISTRATOR\ONEDRIVE\DOCUMENTS\ORIGINAL\FIRST.ASM 1458 : Found label after column 1. (loop6)
Warning[202] C:\USERS\ADMINISTRATOR\ONEDRIVE\DOCUMENTS\ORIGINAL\FIRST.ASM 1488 : Argument out of range.  Least significant bits used.
Message[305] C:\USERS\ADMINISTRATOR\ONEDRIVE\DOCUMENTS\ORIGINAL\FIRST.ASM 1490 : Using default destination of 1 (file).
Message[305] C:\USERS\ADMINISTRATOR\ONEDRIVE\DOCUMENTS\ORIGINAL\FIRST.ASM 1494 : Using default destination of 1 (file).
Warning[202] C:\USERS\ADMINISTRATOR\ONEDRIVE\DOCUMENTS\ORIGINAL\FIRST.ASM 1500 : Argument out of range.  Least significant bits used.
Message[305] C:\USERS\ADMINISTRATOR\ONEDRIVE\DOCUMENTS\ORIGINAL\FIRST.ASM 1502 : Using default destination of 1 (file).
Message[305] C:\USERS\ADMINISTRATOR\ONEDRIVE\DOCUMENTS\ORIGINAL\FIRST.ASM 1503 : Using default destination of 1 (file).
Message[305] C:\USERS\ADMINISTRATOR\ONEDRIVE\DOCUMENTS\ORIGINAL\FIRST.ASM 1506 : Using default destination of 1 (file).
Message[305] C:\USERS\ADMINISTRATOR\ONEDRIVE\DOCUMENTS\ORIGINAL\FIRST.ASM 1507 : Using default destination of 1 (file).
Message[305] C:\USERS\ADMINISTRATOR\ONEDRIVE\DOCUMENTS\ORIGINAL\FIRST.ASM 1514 : Using default destination of 1 (file).
Message[305] C:\USERS\ADMINISTRATOR\ONEDRIVE\DOCUMENTS\ORIGINAL\FIRST.ASM 1515 : Using default destination of 1 (file).
Message[305] C:\USERS\ADMINISTRATOR\ONEDRIVE\DOCUMENTS\ORIGINAL\FIRST.ASM 1518 : Using default destination of 1 (file).
Message[305] C:\USERS\ADMINISTRATOR\ONEDRIVE\DOCUMENTS\ORIGINAL\FIRST.ASM 1519 : Using default destination of 1 (file).
Message[305] C:\USERS\ADMINISTRATOR\ONEDRIVE\DOCUMENTS\ORIGINAL\FIRST.ASM 1526 : Using default destination of 1 (file).
Message[305] C:\USERS\ADMINISTRATOR\ONEDRIVE\DOCUMENTS\ORIGINAL\FIRST.ASM 1527 : Using default destination of 1 (file).
Message[305] C:\USERS\ADMINISTRATOR\ONEDRIVE\DOCUMENTS\ORIGINAL\FIRST.ASM 1530 : Using default destination of 1 (file).
Message[305] C:\USERS\ADMINISTRATOR\ONEDRIVE\DOCUMENTS\ORIGINAL\FIRST.ASM 1531 : Using default destination of 1 (file).
Warning[207] C:\USERS\ADMINISTRATOR\ONEDRIVE\DOCUMENTS\ORIGINAL\FIRST.ASM 1542 : Found label after column 1. (loop3d)
Warning[207] C:\USERS\ADMINISTRATOR\ONEDRIVE\DOCUMENTS\ORIGINAL\FIRST.ASM 1545 : Found label after column 1. (loop2d)
Warning[207] C:\USERS\ADMINISTRATOR\ONEDRIVE\DOCUMENTS\ORIGINAL\FIRST.ASM 1548 : Found label after column 1. (loopd)
Message[305] C:\USERS\ADMINISTRATOR\ONEDRIVE\DOCUMENTS\ORIGINAL\LCDIS.INC 26 : Using default destination of 1 (file).
Message[305] C:\USERS\ADMINISTRATOR\ONEDRIVE\DOCUMENTS\ORIGINAL\LCDIS.INC 36 : Using default destination of 1 (file).
Message[305] C:\USERS\ADMINISTRATOR\ONEDRIVE\DOCUMENTS\ORIGINAL\LCDIS.INC 61 : Using default destination of 1 (file).
